# JRE version: OpenJDK Runtime Environment (11.0.12+7) (build 11.0.12+7-b1504.28-7817840)
# Java VM: OpenJDK 64-Bit Server VM (11.0.12+7-b1504.28-7817840, mixed mode, tiered, compressed oops, g1 gc, windows-amd64)
Heap:
 garbage-first heap   total 258048K, used 121462K [0x0000000080000000, 0x0000000100000000)
  region size 1024K, 10 young (10240K), 2 survivors (2048K)
 Metaspace       used 132177K, capacity 136902K, committed 137556K, reserved 1169408K
  class space    used 15917K, capacity 17672K, committed 18240K, reserved 1048576K
GC Heap History (20 events):
Event: 7726.201 GC heap before
{Heap before GC invocations=130 (full 0):
 garbage-first heap   total 258048K, used 110955K [0x0000000080000000, 0x0000000100000000)
  region size 1024K, 12 young (12288K), 10 survivors (10240K)
 Metaspace       used 131804K, capacity 136503K, committed 137300K, reserved 1169408K
  class space    used 15897K, capacity 17623K, committed 18240K, reserved 1048576K
}
Event: 7726.208 GC heap after
{Heap after GC invocations=131 (full 0):
 garbage-first heap   total 258048K, used 104868K [0x0000000080000000, 0x0000000100000000)
  region size 1024K, 1 young (1024K), 1 survivors (1024K)
 Metaspace       used 131804K, capacity 136503K, committed 137300K, reserved 1169408K
  class space    used 15897K, capacity 17623K, committed 18240K, reserved 1048576K
}
Event: 7726.355 GC heap before
{Heap before GC invocations=131 (full 0):
 garbage-first heap   total 258048K, used 140708K [0x0000000080000000, 0x0000000100000000)
  region size 1024K, 38 young (38912K), 1 survivors (1024K)
 Metaspace       used 131867K, capacity 136553K, committed 137300K, reserved 1169408K
  class space    used 15902K, capacity 17631K, committed 18240K, reserved 1048576K
}
Event: 7726.361 GC heap after
{Heap after GC invocations=132 (full 0):
 garbage-first heap   total 258048K, used 105371K [0x0000000080000000, 0x0000000100000000)
  region size 1024K, 2 young (2048K), 2 survivors (2048K)
 Metaspace       used 131867K, capacity 136553K, committed 137300K, reserved 1169408K
  class space    used 15902K, capacity 17631K, committed 18240K, reserved 1048576K
}
Event: 7760.448 GC heap before
{Heap before GC invocations=133 (full 0):
 garbage-first heap   total 258048K, used 211867K [0x0000000080000000, 0x0000000100000000)
  region size 1024K, 93 young (95232K), 2 survivors (2048K)
 Metaspace       used 131967K, capacity 136704K, committed 137556K, reserved 1169408K
  class space    used 15904K, capacity 17635K, committed 18240K, reserved 1048576K
}
Event: 7760.457 GC heap after
{Heap after GC invocations=134 (full 0):
 garbage-first heap   total 258048K, used 122425K [0x0000000080000000, 0x0000000100000000)
  region size 1024K, 12 young (12288K), 12 survivors (12288K)
 Metaspace       used 131967K, capacity 136704K, committed 137556K, reserved 1169408K
  class space    used 15904K, capacity 17635K, committed 18240K, reserved 1048576K
}
Event: 7760.459 GC heap before
{Heap before GC invocations=134 (full 0):
 garbage-first heap   total 258048K, used 123449K [0x0000000080000000, 0x0000000100000000)
  region size 1024K, 13 young (13312K), 12 survivors (12288K)
 Metaspace       used 131967K, capacity 136704K, committed 137556K, reserved 1169408K
  class space    used 15904K, capacity 17635K, committed 18240K, reserved 1048576K
}
Event: 7760.467 GC heap after
{Heap after GC invocations=135 (full 0):
 garbage-first heap   total 258048K, used 118798K [0x0000000080000000, 0x0000000100000000)
  region size 1024K, 2 young (2048K), 2 survivors (2048K)
 Metaspace       used 131967K, capacity 136704K, committed 137556K, reserved 1169408K
  class space    used 15904K, capacity 17635K, committed 18240K, reserved 1048576K
}
Event: 7760.687 GC heap before
{Heap before GC invocations=135 (full 0):
 garbage-first heap   total 258048K, used 196622K [0x0000000080000000, 0x0000000100000000)
  region size 1024K, 80 young (81920K), 2 survivors (2048K)
 Metaspace       used 132031K, capacity 136772K, committed 137556K, reserved 1169408K
  class space    used 15904K, capacity 17635K, committed 18240K, reserved 1048576K
}
Event: 7760.693 GC heap after
{Heap after GC invocations=136 (full 0):
 garbage-first heap   total 258048K, used 120554K [0x0000000080000000, 0x0000000100000000)
  region size 1024K, 4 young (4096K), 4 survivors (4096K)
 Metaspace       used 132031K, capacity 136772K, committed 137556K, reserved 1169408K
  class space    used 15904K, capacity 17635K, committed 18240K, reserved 1048576K
}
Event: 7803.429 GC heap before
{Heap before GC invocations=137 (full 0):
 garbage-first heap   total 258048K, used 215786K [0x0000000080000000, 0x0000000100000000)
  region size 1024K, 84 young (86016K), 4 survivors (4096K)
 Metaspace       used 132056K, capacity 136774K, committed 137556K, reserved 1169408K
  class space    used 15905K, capacity 17635K, committed 18240K, reserved 1048576K
}
Event: 7803.437 GC heap after
{Heap after GC invocations=138 (full 0):
 garbage-first heap   total 258048K, used 135251K [0x0000000080000000, 0x0000000100000000)
  region size 1024K, 11 young (11264K), 11 survivors (11264K)
 Metaspace       used 132056K, capacity 136774K, committed 137556K, reserved 1169408K
  class space    used 15905K, capacity 17635K, committed 18240K, reserved 1048576K
}
Event: 7803.441 GC heap before
{Heap before GC invocations=138 (full 0):
 garbage-first heap   total 258048K, used 136275K [0x0000000080000000, 0x0000000100000000)
  region size 1024K, 12 young (12288K), 11 survivors (11264K)
 Metaspace       used 132056K, capacity 136774K, committed 137556K, reserved 1169408K
  class space    used 15905K, capacity 17635K, committed 18240K, reserved 1048576K
}
Event: 7803.450 GC heap after
{Heap after GC invocations=139 (full 0):
 garbage-first heap   total 258048K, used 125120K [0x0000000080000000, 0x0000000100000000)
  region size 1024K, 2 young (2048K), 2 survivors (2048K)
 Metaspace       used 132056K, capacity 136774K, committed 137556K, reserved 1169408K
  class space    used 15905K, capacity 17635K, committed 18240K, reserved 1048576K
}
Event: 7803.655 GC heap before
{Heap before GC invocations=139 (full 0):
 garbage-first heap   total 258048K, used 199872K [0x0000000080000000, 0x0000000100000000)
  region size 1024K, 76 young (77824K), 2 survivors (2048K)
 Metaspace       used 132077K, capacity 136777K, committed 137556K, reserved 1169408K
  class space    used 15905K, capacity 17635K, committed 18240K, reserved 1048576K
}
Event: 7803.663 GC heap after
{Heap after GC invocations=140 (full 0):
 garbage-first heap   total 258048K, used 129517K [0x0000000080000000, 0x0000000100000000)
  region size 1024K, 6 young (6144K), 6 survivors (6144K)
 Metaspace       used 132077K, capacity 136777K, committed 137556K, reserved 1169408K
  class space    used 15905K, capacity 17635K, committed 18240K, reserved 1048576K
}
Event: 8102.084 GC heap before
{Heap before GC invocations=141 (full 0):
 garbage-first heap   total 258048K, used 217581K [0x0000000080000000, 0x0000000100000000)
  region size 1024K, 80 young (81920K), 6 survivors (6144K)
 Metaspace       used 132092K, capacity 136812K, committed 137556K, reserved 1169408K
  class space    used 15906K, capacity 17667K, committed 18240K, reserved 1048576K
}
Event: 8102.261 GC heap after
{Heap after GC invocations=142 (full 0):
 garbage-first heap   total 258048K, used 134412K [0x0000000080000000, 0x0000000100000000)
  region size 1024K, 7 young (7168K), 7 survivors (7168K)
 Metaspace       used 132092K, capacity 136812K, committed 137556K, reserved 1169408K
  class space    used 15906K, capacity 17667K, committed 18240K, reserved 1048576K
}
Event: 8102.479 GC heap before
{Heap before GC invocations=142 (full 0):
 garbage-first heap   total 258048K, used 139532K [0x0000000080000000, 0x0000000100000000)
  region size 1024K, 12 young (12288K), 7 survivors (7168K)
 Metaspace       used 132133K, capacity 136822K, committed 137556K, reserved 1169408K
  class space    used 15913K, capacity 17669K, committed 18240K, reserved 1048576K
}
Event: 8102.613 GC heap after
{Heap after GC invocations=143 (full 0):
 garbage-first heap   total 258048K, used 114294K [0x0000000080000000, 0x0000000100000000)
  region size 1024K, 2 young (2048K), 2 survivors (2048K)
 Metaspace       used 132133K, capacity 136822K, committed 137556K, reserved 1169408K
  class space    used 15913K, capacity 17669K, committed 18240K, reserved 1048576K
}

